This file contains any messages produced by compilers while
running configure, to aid debugging if configure makes a mistake.

It was created by lxc-templates configure 3.0.4, which was
generated by GNU Autoconf 2.71.  Invocation command line was

  $ ./configure

## --------- ##
## Platform. ##
## --------- ##

hostname = runnervmrg6be
uname -m = x86_64
uname -r = 6.17.0-1008-azure
uname -s = Linux
uname -v = #8~24.04.1-Ubuntu SMP Mon Jan 26 18:35:40 UTC 2026

/usr/bin/uname -p = x86_64
/bin/uname -X     = unknown

/bin/arch              = x86_64
/usr/bin/arch -k       = unknown
/usr/convex/getsysinfo = unknown
/usr/bin/hostinfo      = unknown
/bin/machine           = unknown
/usr/bin/oslevel       = unknown
/bin/universe          = unknown

PATH: /home/runner/work/_temp/ghcca-node/node/bin/
PATH: /snap/bin/
PATH: /home/runner/.local/bin/
PATH: /opt/pipx_bin/
PATH: /home/runner/.cargo/bin/
PATH: /home/runner/.config/composer/vendor/bin/
PATH: /usr/local/.ghcup/bin/
PATH: /home/runner/.dotnet/tools/
PATH: /usr/local/sbin/
PATH: /usr/local/bin/
PATH: /usr/sbin/
PATH: /usr/bin/
PATH: /sbin/
PATH: /bin/
PATH: /usr/games/
PATH: /usr/local/games/
PATH: /snap/bin/


## ----------- ##
## Core tests. ##
## ----------- ##

configure:2240: looking for aux files: compile config.guess config.sub missing install-sh
configure:2253:  trying ./
configure:2282:   ./compile found
configure:2282:   ./config.guess found
configure:2282:   ./config.sub found
configure:2282:   ./missing found
configure:2264:   ./install-sh found
configure:2411: checking for a BSD-compatible install
configure:2484: result: /usr/bin/install -c
configure:2495: checking whether build environment is sane
configure:2550: result: yes
configure:2709: checking for a race-free mkdir -p
configure:2753: result: /usr/bin/mkdir -p
configure:2760: checking for gawk
configure:2781: found /usr/bin/gawk
configure:2792: result: gawk
configure:2803: checking whether make sets $(MAKE)
configure:2826: result: yes
configure:2856: checking whether make supports nested variables
configure:2874: result: yes
configure:3071: checking for pkg-config
configure:3094: found /usr/bin/pkg-config
configure:3106: result: /usr/bin/pkg-config
configure:3131: checking pkg-config is at least version 0.9.0
configure:3134: result: yes
configure:3153: checking build system type
configure:3168: result: x86_64-pc-linux-gnu
configure:3188: checking host system type
configure:3202: result: x86_64-pc-linux-gnu
configure:3236: checking whether make supports the include directive
configure:3251: make -f confmf.GNU && cat confinc.out
this is the am__doit target
configure:3254: $? = 0
configure:3273: result: yes (GNU style)
configure:3349: checking for gcc
configure:3370: found /usr/bin/gcc
configure:3381: result: gcc
configure:3734: checking for C compiler version
configure:3743: gcc --version >&5
gcc (Ubuntu 13.3.0-6ubuntu2~24.04.1) 13.3.0
Copyright (C) 2023 Free Software Foundation, Inc.
This is free software; see the source for copying conditions.  There is NO
warranty; not even for MERCHANTABILITY or FITNESS FOR A PARTICULAR PURPOSE.

configure:3754: $? = 0
configure:3743: gcc -v >&5
Using built-in specs.
COLLECT_GCC=gcc
COLLECT_LTO_WRAPPER=/usr/libexec/gcc/x86_64-linux-gnu/13/lto-wrapper
OFFLOAD_TARGET_NAMES=nvptx-none:amdgcn-amdhsa
OFFLOAD_TARGET_DEFAULT=1
Target: x86_64-linux-gnu
Configured with: ../src/configure -v --with-pkgversion='Ubuntu 13.3.0-6ubuntu2~24.04.1' --with-bugurl=file:///usr/share/doc/gcc-13/README.Bugs --enable-languages=c,ada,c++,go,d,fortran,objc,obj-c++,m2 --prefix=/usr --with-gcc-major-version-only --program-suffix=-13 --program-prefix=x86_64-linux-gnu- --enable-shared --enable-linker-build-id --libexecdir=/usr/libexec --without-included-gettext --enable-threads=posix --libdir=/usr/lib --enable-nls --enable-bootstrap --enable-clocale=gnu --enable-libstdcxx-debug --enable-libstdcxx-time=yes --with-default-libstdcxx-abi=new --enable-libstdcxx-backtrace --enable-gnu-unique-object --disable-vtable-verify --enable-plugin --enable-default-pie --with-system-zlib --enable-libphobos-checking=release --with-target-system-zlib=auto --enable-objc-gc=auto --enable-multiarch --disable-werror --enable-cet --with-arch-32=i686 --with-abi=m64 --with-multilib-list=m32,m64,mx32 --enable-multilib --with-tune=generic --enable-offload-targets=nvptx-none=/build/gcc-13-EldibY/gcc-13-13.3.0/debian/tmp-nvptx/usr,amdgcn-amdhsa=/build/gcc-13-EldibY/gcc-13-13.3.0/debian/tmp-gcn/usr --enable-offload-defaulted --without-cuda-driver --enable-checking=release --build=x86_64-linux-gnu --host=x86_64-linux-gnu --target=x86_64-linux-gnu --with-build-config=bootstrap-lto-lean --enable-link-serialization=2
Thread model: posix
Supported LTO compression algorithms: zlib zstd
gcc version 13.3.0 (Ubuntu 13.3.0-6ubuntu2~24.04.1) 
... rest of stderr output deleted ...
configure:3754: $? = 0
configure:3743: gcc -V >&5
gcc: error: unrecognized command-line option '-V'
gcc: fatal error: no input files
compilation terminated.
configure:3754: $? = 1
configure:3743: gcc -qversion >&5
gcc: error: unrecognized command-line option '-qversion'; did you mean '--version'?
gcc: fatal error: no input files
compilation terminated.
configure:3754: $? = 1
configure:3743: gcc -version >&5
gcc: error: unrecognized command-line option '-version'
gcc: fatal error: no input files
compilation terminated.
configure:3754: $? = 1
configure:3774: checking whether the C compiler works
configure:3796: gcc    conftest.c  >&5
configure:3800: $? = 0
configure:3850: result: yes
configure:3853: checking for C compiler default output file name
configure:3855: result: a.out
configure:3861: checking for suffix of executables
configure:3868: gcc -o conftest    conftest.c  >&5
configure:3872: $? = 0
configure:3895: result: 
configure:3917: checking whether we are cross compiling
configure:3925: gcc -o conftest    conftest.c  >&5
configure:3929: $? = 0
configure:3936: ./conftest
configure:3940: $? = 0
configure:3955: result: no
configure:3960: checking for suffix of object files
configure:3983: gcc -c   conftest.c >&5
configure:3987: $? = 0
configure:4009: result: o
configure:4013: checking whether the compiler supports GNU C
configure:4033: gcc -c   conftest.c >&5
configure:4033: $? = 0
configure:4043: result: yes
configure:4054: checking whether gcc accepts -g
configure:4075: gcc -c -g  conftest.c >&5
configure:4075: $? = 0
configure:4119: result: yes
configure:4139: checking for gcc option to enable C11 features
configure:4154: gcc  -c -g -O2  conftest.c >&5
configure:4154: $? = 0
configure:4172: result: none needed
configure:4288: checking whether gcc understands -c and -o together
configure:4311: gcc -c conftest.c -o conftest2.o
configure:4314: $? = 0
configure:4311: gcc -c conftest.c -o conftest2.o
configure:4314: $? = 0
configure:4326: result: yes
configure:4345: checking dependency style of gcc
configure:4457: result: none
configure:4477: checking for stdio.h
configure:4477: gcc -c -g -O2  conftest.c >&5
configure:4477: $? = 0
configure:4477: result: yes
configure:4477: checking for stdlib.h
configure:4477: gcc -c -g -O2  conftest.c >&5
configure:4477: $? = 0
configure:4477: result: yes
configure:4477: checking for string.h
configure:4477: gcc -c -g -O2  conftest.c >&5
configure:4477: $? = 0
configure:4477: result: yes
configure:4477: checking for inttypes.h
configure:4477: gcc -c -g -O2  conftest.c >&5
configure:4477: $? = 0
configure:4477: result: yes
configure:4477: checking for stdint.h
configure:4477: gcc -c -g -O2  conftest.c >&5
configure:4477: $? = 0
configure:4477: result: yes
configure:4477: checking for strings.h
configure:4477: gcc -c -g -O2  conftest.c >&5
configure:4477: $? = 0
configure:4477: result: yes
configure:4477: checking for sys/stat.h
configure:4477: gcc -c -g -O2  conftest.c >&5
configure:4477: $? = 0
configure:4477: result: yes
configure:4477: checking for sys/types.h
configure:4477: gcc -c -g -O2  conftest.c >&5
configure:4477: $? = 0
configure:4477: result: yes
configure:4477: checking for unistd.h
configure:4477: gcc -c -g -O2  conftest.c >&5
configure:4477: $? = 0
configure:4477: result: yes
configure:4477: checking for wchar.h
configure:4477: gcc -c -g -O2  conftest.c >&5
configure:4477: $? = 0
configure:4477: result: yes
configure:4477: checking for minix/config.h
configure:4477: gcc -c -g -O2  conftest.c >&5
conftest.c:49:10: fatal error: minix/config.h: No such file or directory
   49 | #include <minix/config.h>
      |          ^~~~~~~~~~~~~~~~
compilation terminated.
configure:4477: $? = 1
configure: failed program was:
| /* confdefs.h */
| #define PACKAGE_NAME "lxc-templates"
| #define PACKAGE_TARNAME "lxc-templates"
| #define PACKAGE_VERSION "3.0.4"
| #define PACKAGE_STRING "lxc-templates 3.0.4"
| #define PACKAGE_BUGREPORT ""
| #define PACKAGE_URL ""
| #define PACKAGE "lxc-templates"
| #define VERSION "3.0.4"
| #define HAVE_STDIO_H 1
| #define HAVE_STDLIB_H 1
| #define HAVE_STRING_H 1
| #define HAVE_INTTYPES_H 1
| #define HAVE_STDINT_H 1
| #define HAVE_STRINGS_H 1
| #define HAVE_SYS_STAT_H 1
| #define HAVE_SYS_TYPES_H 1
| #define HAVE_UNISTD_H 1
| #define HAVE_WCHAR_H 1
| /* end confdefs.h.  */
| #include <stddef.h>
| #ifdef HAVE_STDIO_H
| # include <stdio.h>
| #endif
| #ifdef HAVE_STDLIB_H
| # include <stdlib.h>
| #endif
| #ifdef HAVE_STRING_H
| # include <string.h>
| #endif
| #ifdef HAVE_INTTYPES_H
| # include <inttypes.h>
| #endif
| #ifdef HAVE_STDINT_H
| # include <stdint.h>
| #endif
| #ifdef HAVE_STRINGS_H
| # include <strings.h>
| #endif
| #ifdef HAVE_SYS_TYPES_H
| # include <sys/types.h>
| #endif
| #ifdef HAVE_SYS_STAT_H
| # include <sys/stat.h>
| #endif
| #ifdef HAVE_UNISTD_H
| # include <unistd.h>
| #endif
| #include <minix/config.h>
configure:4477: result: no
configure:4508: checking whether it is safe to define __EXTENSIONS__
configure:4527: gcc -c -g -O2  conftest.c >&5
configure:4527: $? = 0
configure:4535: result: yes
configure:4538: checking whether _XOPEN_SOURCE should be defined
configure:4560: gcc -c -g -O2  conftest.c >&5
configure:4560: $? = 0
configure:4587: result: no
configure:4647: checking host distribution
configure:5038: result: ubuntu
configure:5762: checking for a sed that does not truncate output
configure:5832: result: /usr/bin/sed
configure:5980: checking that generated files are newer than configure
configure:5986: result: done
configure:6017: creating ./config.status

## ---------------------- ##
## Running config.status. ##
## ---------------------- ##

This file was extended by lxc-templates config.status 3.0.4, which was
generated by GNU Autoconf 2.71.  Invocation command line was

  CONFIG_FILES    = 
  CONFIG_HEADERS  = 
  CONFIG_LINKS    = 
  CONFIG_COMMANDS = 
  $ ./config.status 

on runnervmrg6be

config.status:883: creating Makefile
config.status:883: creating config/Makefile
config.status:883: creating config/alpine.common.conf
config.status:883: creating config/alpine.userns.conf
config.status:883: creating config/archlinux.common.conf
config.status:883: creating config/archlinux.userns.conf
config.status:883: creating config/centos.common.conf
config.status:883: creating config/centos.userns.conf
config.status:883: creating config/debian.common.conf
config.status:883: creating config/debian.userns.conf
config.status:883: creating config/devuan.common.conf
config.status:883: creating config/devuan.userns.conf
config.status:883: creating config/fedora.common.conf
config.status:883: creating config/fedora.userns.conf
config.status:883: creating config/gentoo.common.conf
config.status:883: creating config/gentoo.moresecure.conf
config.status:883: creating config/gentoo.userns.conf
config.status:883: creating config/kali.common.conf
config.status:883: creating config/kali.userns.conf
config.status:883: creating config/opensuse.common.conf
config.status:883: creating config/opensuse.userns.conf
config.status:883: creating config/oracle.common.conf
config.status:883: creating config/oracle.userns.conf
config.status:883: creating config/plamo.common.conf
config.status:883: creating config/plamo.userns.conf
config.status:883: creating config/slackware.common.conf
config.status:883: creating config/slackware.userns.conf
config.status:883: creating config/ubuntu-cloud.common.conf
config.status:883: creating config/ubuntu-cloud.lucid.conf
config.status:883: creating config/ubuntu-cloud.userns.conf
config.status:883: creating config/ubuntu.common.conf
config.status:883: creating config/ubuntu.lucid.conf
config.status:883: creating config/ubuntu.userns.conf
config.status:883: creating config/openwrt.common.conf
config.status:883: creating config/sparclinux.common.conf
config.status:883: creating config/sparclinux.userns.conf
config.status:883: creating config/voidlinux.common.conf
config.status:883: creating config/voidlinux.userns.conf
config.status:883: creating config/sabayon.common.conf
config.status:883: creating config/sabayon.userns.conf
config.status:883: creating templates/Makefile
config.status:883: creating templates/lxc-alpine
config.status:883: creating templates/lxc-altlinux
config.status:883: creating templates/lxc-archlinux
config.status:883: creating templates/lxc-centos
config.status:883: creating templates/lxc-cirros
config.status:883: creating templates/lxc-debian
config.status:883: creating templates/lxc-devuan
config.status:883: creating templates/lxc-fedora
config.status:883: creating templates/lxc-fedora-legacy
config.status:883: creating templates/lxc-gentoo
config.status:883: creating templates/lxc-kali
config.status:883: creating templates/lxc-openmandriva
config.status:883: creating templates/lxc-opensuse
config.status:883: creating templates/lxc-oracle
config.status:883: creating templates/lxc-plamo
config.status:883: creating templates/lxc-pld
config.status:883: creating templates/lxc-slackware
config.status:883: creating templates/lxc-sshd
config.status:883: creating templates/lxc-ubuntu
config.status:883: creating templates/lxc-ubuntu-cloud
config.status:883: creating templates/lxc-sparclinux
config.status:883: creating templates/lxc-voidlinux
config.status:883: creating templates/lxc-sabayon
config.status:1067: linking config/etc/ to config/etc/default.conf
config.status:1086: executing depfiles commands
config.status:1086: executing default commands

## ---------------- ##
## Cache variables. ##
## ---------------- ##

ac_cv_build=x86_64-pc-linux-gnu
ac_cv_c_compiler_gnu=yes
ac_cv_env_CC_set=
ac_cv_env_CC_value=
ac_cv_env_CFLAGS_set=
ac_cv_env_CFLAGS_value=
ac_cv_env_CPPFLAGS_set=
ac_cv_env_CPPFLAGS_value=
ac_cv_env_LDFLAGS_set=
ac_cv_env_LDFLAGS_value=
ac_cv_env_LIBS_set=
ac_cv_env_LIBS_value=
ac_cv_env_PKG_CONFIG_LIBDIR_set=
ac_cv_env_PKG_CONFIG_LIBDIR_value=
ac_cv_env_PKG_CONFIG_PATH_set=
ac_cv_env_PKG_CONFIG_PATH_value=
ac_cv_env_PKG_CONFIG_set=
ac_cv_env_PKG_CONFIG_value=
ac_cv_env_build_alias_set=
ac_cv_env_build_alias_value=
ac_cv_env_host_alias_set=
ac_cv_env_host_alias_value=
ac_cv_env_target_alias_set=
ac_cv_env_target_alias_value=
ac_cv_header_inttypes_h=yes
ac_cv_header_minix_config_h=no
ac_cv_header_stdint_h=yes
ac_cv_header_stdio_h=yes
ac_cv_header_stdlib_h=yes
ac_cv_header_string_h=yes
ac_cv_header_strings_h=yes
ac_cv_header_sys_stat_h=yes
ac_cv_header_sys_types_h=yes
ac_cv_header_unistd_h=yes
ac_cv_header_wchar_h=yes
ac_cv_host=x86_64-pc-linux-gnu
ac_cv_objext=o
ac_cv_path_SED=/usr/bin/sed
ac_cv_path_ac_pt_PKG_CONFIG=/usr/bin/pkg-config
ac_cv_path_install='/usr/bin/install -c'
ac_cv_path_mkdir=/usr/bin/mkdir
ac_cv_prog_AWK=gawk
ac_cv_prog_ac_ct_CC=gcc
ac_cv_prog_cc_c11=
ac_cv_prog_cc_g=yes
ac_cv_prog_cc_stdc=
ac_cv_prog_make_make_set=yes
ac_cv_safe_to_define___extensions__=yes
ac_cv_should_define__xopen_source=no
am_cv_CC_dependencies_compiler_type=none
am_cv_make_support_nested_variables=yes
am_cv_prog_cc_c_o=yes

## ----------------- ##
## Output variables. ##
## ----------------- ##

ACLOCAL='${SHELL} '\''/home/runner/work/lxc-templates/lxc-templates/missing'\'' aclocal-1.16'
AMDEPBACKSLASH='\'
AMDEP_FALSE='#'
AMDEP_TRUE=''
AMTAR='$${TAR-tar}'
AM_BACKSLASH='\'
AM_DEFAULT_V='$(AM_DEFAULT_VERBOSITY)'
AM_DEFAULT_VERBOSITY='1'
AM_V='$(V)'
AUTOCONF='${SHELL} '\''/home/runner/work/lxc-templates/lxc-templates/missing'\'' autoconf'
AUTOHEADER='${SHELL} '\''/home/runner/work/lxc-templates/lxc-templates/missing'\'' autoheader'
AUTOMAKE='${SHELL} '\''/home/runner/work/lxc-templates/lxc-templates/missing'\'' automake-1.16'
AWK='gawk'
BINDIR='/usr/local/bin'
CC='gcc'
CCDEPMODE='depmode=none'
CFLAGS='-g -O2'
CPPFLAGS=''
CSCOPE='cscope'
CTAGS='ctags'
CYGPATH_W='echo'
DATADIR='/usr/local/share'
DEFS='-DPACKAGE_NAME=\"lxc-templates\" -DPACKAGE_TARNAME=\"lxc-templates\" -DPACKAGE_VERSION=\"3.0.4\" -DPACKAGE_STRING=\"lxc-templates\ 3.0.4\" -DPACKAGE_BUGREPORT=\"\" -DPACKAGE_URL=\"\" -DPACKAGE=\"lxc-templates\" -DVERSION=\"3.0.4\" -DHAVE_STDIO_H=1 -DHAVE_STDLIB_H=1 -DHAVE_STRING_H=1 -DHAVE_INTTYPES_H=1 -DHAVE_STDINT_H=1 -DHAVE_STRINGS_H=1 -DHAVE_SYS_STAT_H=1 -DHAVE_SYS_TYPES_H=1 -DHAVE_UNISTD_H=1 -DHAVE_WCHAR_H=1 -DSTDC_HEADERS=1 -D_ALL_SOURCE=1 -D_DARWIN_C_SOURCE=1 -D_GNU_SOURCE=1 -D_HPUX_ALT_XOPEN_SOCKET_API=1 -D_NETBSD_SOURCE=1 -D_OPENBSD_SOURCE=1 -D_POSIX_PTHREAD_SEMANTICS=1 -D__STDC_WANT_IEC_60559_ATTRIBS_EXT__=1 -D__STDC_WANT_IEC_60559_BFP_EXT__=1 -D__STDC_WANT_IEC_60559_DFP_EXT__=1 -D__STDC_WANT_IEC_60559_FUNCS_EXT__=1 -D__STDC_WANT_IEC_60559_TYPES_EXT__=1 -D__STDC_WANT_LIB_EXT2__=1 -D__STDC_WANT_MATH_SPEC_FUNCS__=1 -D_TANDEM_SOURCE=1 -D__EXTENSIONS__=1'
DEPDIR='.deps'
DISTRO_UBUNTU_FALSE='#'
DISTRO_UBUNTU_TRUE=''
ECHO_C=''
ECHO_N='-n'
ECHO_T=''
ETAGS='etags'
EXEEXT=''
HAVE_DEBIAN_FALSE='#'
HAVE_DEBIAN_TRUE=''
INCLUDEDIR='/usr/local/include'
INSTALL_DATA='${INSTALL} -m 644'
INSTALL_PROGRAM='${INSTALL}'
INSTALL_SCRIPT='${INSTALL}'
INSTALL_STRIP_PROGRAM='$(install_sh) -c -s'
LDFLAGS=''
LIBDIR='/usr/local/lib'
LIBEXECDIR='/usr/local/libexec'
LIBOBJS=''
LIBS=''
LOCALSTATEDIR='/usr/local/var'
LTLIBOBJS=''
LXCBINHOOKDIR='/usr/local/libexec/lxc/hooks'
LXCHOOKDIR='/usr/local/share/lxc/hooks'
LXCINITDIR='/usr/local/libexec'
LXCPATH='/usr/local/var/lib/lxc'
LXCROOTFSMOUNT='/usr/local/lib/lxc/rootfs'
LXCTEMPLATECONFIG='/usr/local/share/lxc/config'
LXCTEMPLATEDIR='/usr/local/share/lxc/templates'
LXC_DEFAULT_CONFIG='/usr/local/etc/lxc/default.conf'
LXC_DISTRO_SYSCONF='/usr/local/etc/default'
LXC_GENERATE_DATE='2026-03-29'
LXC_GLOBAL_CONF='/usr/local/etc/lxc/lxc.conf'
LXC_USERNIC_CONF=''
LXC_USERNIC_DB=''
MAKEINFO='${SHELL} '\''/home/runner/work/lxc-templates/lxc-templates/missing'\'' makeinfo'
MKDIR_P='/usr/bin/mkdir -p'
OBJEXT='o'
PACKAGE='lxc-templates'
PACKAGE_BUGREPORT=''
PACKAGE_NAME='lxc-templates'
PACKAGE_STRING='lxc-templates 3.0.4'
PACKAGE_TARNAME='lxc-templates'
PACKAGE_URL=''
PACKAGE_VERSION='3.0.4'
PATH_SEPARATOR=':'
PKG_CONFIG='/usr/bin/pkg-config'
PKG_CONFIG_LIBDIR=''
PKG_CONFIG_PATH=''
PREFIX='NONE'
RUNTIME_PATH='/run'
SBINDIR='/usr/local/sbin'
SED='/usr/bin/sed'
SET_MAKE=''
SHELL='/bin/bash'
STRIP=''
SYSCONFDIR='/usr/local/etc'
VERSION='3.0.4'
ac_ct_CC='gcc'
am__EXEEXT_FALSE=''
am__EXEEXT_TRUE='#'
am__fastdepCC_FALSE=''
am__fastdepCC_TRUE='#'
am__include='include'
am__isrc=''
am__leading_dot='.'
am__nodep='_no'
am__quote=''
am__tar='$${TAR-tar} chof - "$$tardir"'
am__untar='$${TAR-tar} xf -'
bindir='${exec_prefix}/bin'
build='x86_64-pc-linux-gnu'
build_alias=''
build_cpu='x86_64'
build_os='linux-gnu'
build_vendor='pc'
datadir='${datarootdir}'
datarootdir='${prefix}/share'
docdir='${datarootdir}/doc/${PACKAGE_TARNAME}'
dvidir='${docdir}'
exec_prefix='${prefix}'
host='x86_64-pc-linux-gnu'
host_alias=''
host_cpu='x86_64'
host_os='linux-gnu'
host_vendor='pc'
htmldir='${docdir}'
includedir='${prefix}/include'
infodir='${datarootdir}/info'
install_sh='${SHELL} /home/runner/work/lxc-templates/lxc-templates/install-sh'
libdir='${exec_prefix}/lib'
libexecdir='${exec_prefix}/libexec'
localedir='${datarootdir}/locale'
localstatedir='${prefix}/var'
mandir='${datarootdir}/man'
mkdir_p='$(MKDIR_P)'
oldincludedir='/usr/include'
pdfdir='${docdir}'
prefix='/usr/local'
program_transform_name='s,x,x,'
psdir='${docdir}'
runstatedir='${localstatedir}/run'
sbindir='${exec_prefix}/sbin'
sharedstatedir='${prefix}/com'
sysconfdir='${prefix}/etc'
target_alias=''

## ----------- ##
## confdefs.h. ##
## ----------- ##

/* confdefs.h */
#define PACKAGE_NAME "lxc-templates"
#define PACKAGE_TARNAME "lxc-templates"
#define PACKAGE_VERSION "3.0.4"
#define PACKAGE_STRING "lxc-templates 3.0.4"
#define PACKAGE_BUGREPORT ""
#define PACKAGE_URL ""
#define PACKAGE "lxc-templates"
#define VERSION "3.0.4"
#define HAVE_STDIO_H 1
#define HAVE_STDLIB_H 1
#define HAVE_STRING_H 1
#define HAVE_INTTYPES_H 1
#define HAVE_STDINT_H 1
#define HAVE_STRINGS_H 1
#define HAVE_SYS_STAT_H 1
#define HAVE_SYS_TYPES_H 1
#define HAVE_UNISTD_H 1
#define HAVE_WCHAR_H 1
#define STDC_HEADERS 1
#define _ALL_SOURCE 1
#define _DARWIN_C_SOURCE 1
#define _GNU_SOURCE 1
#define _HPUX_ALT_XOPEN_SOCKET_API 1
#define _NETBSD_SOURCE 1
#define _OPENBSD_SOURCE 1
#define _POSIX_PTHREAD_SEMANTICS 1
#define __STDC_WANT_IEC_60559_ATTRIBS_EXT__ 1
#define __STDC_WANT_IEC_60559_BFP_EXT__ 1
#define __STDC_WANT_IEC_60559_DFP_EXT__ 1
#define __STDC_WANT_IEC_60559_FUNCS_EXT__ 1
#define __STDC_WANT_IEC_60559_TYPES_EXT__ 1
#define __STDC_WANT_LIB_EXT2__ 1
#define __STDC_WANT_MATH_SPEC_FUNCS__ 1
#define _TANDEM_SOURCE 1
#define __EXTENSIONS__ 1

configure: exit 0
